2023-01-27 12:20:18.177  === [main] === INFO  === c.s.S.controller.FireStationControllerTest ===  Starting FireStationControllerTest using Java 18.0.2.1 on LAPTOP-C8U76SD3 with PID 5356 (started by hilal in D:\OPC\Formation_Java\P5\SafetynetAlerts\SafetynetAlerts)
2023-01-27 12:20:18.179  === [main] === INFO  === c.s.S.controller.FireStationControllerTest ===  No active profile set, falling back to 1 default profile: "default"
2023-01-27 12:20:20.615  === [main] === INFO  === o.s.b.test.mock.web.SpringBootMockServletContext ===  Initializing Spring TestDispatcherServlet ''
2023-01-27 12:20:20.615  === [main] === INFO  === o.s.test.web.servlet.TestDispatcherServlet ===  Initializing Servlet ''
2023-01-27 12:20:20.616  === [main] === INFO  === o.s.test.web.servlet.TestDispatcherServlet ===  Completed initialization in 1 ms
2023-01-27 12:20:20.647  === [main] === INFO  === c.s.S.controller.FireStationControllerTest ===  Started FireStationControllerTest in 2.927 seconds (JVM running for 5.074)
2023-01-27 12:20:21.665  === [main] === INFO  === FireStationController ===  Station address1509 Culver Stis queried to get stations.
2023-01-27 12:20:21.818  === [main] === WARN  === o.s.w.s.m.support.DefaultHandlerExceptionResolver ===  Resolved [org.springframework.web.HttpRequestMethodNotSupportedException: Request method 'POST' not supported]
2023-01-27 12:20:21.849  === [main] === WARN  === o.s.w.s.m.support.DefaultHandlerExceptionResolver ===  Resolved [org.springframework.web.bind.MissingServletRequestParameterException: Required request parameter 'stationNumber' for method parameter type String is not present]
2023-01-27 12:20:21.877  === [main] === INFO  === FireStationController ===  Station address22 rue pasteuris queried to get stations.
2023-01-27 12:20:21.938  === [main] === WARN  === o.s.w.s.m.support.DefaultHandlerExceptionResolver ===  Resolved [org.springframework.web.HttpRequestMethodNotSupportedException: Request method 'POST' not supported]
2023-01-27 12:20:21.970  === [main] === INFO  === o.s.b.t.context.SpringBootTestContextBootstrapper ===  Neither @ContextConfiguration nor @ContextHierarchy found for test class [com.safetynetalerts.SafetynetAlerts.controller.MedicalRecordControllerTest], using SpringBootContextLoader
2023-01-27 12:20:21.971  === [main] === INFO  === o.s.test.context.support.AbstractContextLoader ===  Could not detect default resource locations for test class [com.safetynetalerts.SafetynetAlerts.controller.MedicalRecordControllerTest]: no resource found for suffixes {-context.xml, Context.groovy}.
2023-01-27 12:20:21.971  === [main] === INFO  === o.s.t.c.support.AnnotationConfigContextLoaderUtils ===  Could not detect default configuration classes for test class [com.safetynetalerts.SafetynetAlerts.controller.MedicalRecordControllerTest]: MedicalRecordControllerTest does not declare any static, non-private, non-final, nested classes annotated with @Configuration.
2023-01-27 12:20:21.980  === [main] === INFO  === o.s.b.t.context.SpringBootTestContextBootstrapper ===  Found @SpringBootConfiguration com.safetynetalerts.SafetynetAlerts.SafetynetAlertsApplication for test class com.safetynetalerts.SafetynetAlerts.controller.MedicalRecordControllerTest
2023-01-27 12:20:21.983  === [main] === INFO  === o.s.b.t.context.SpringBootTestContextBootstrapper ===  Loaded default TestExecutionListener class names from location [META-INF/spring.factories]: [org.springframework.boot.test.mock.mockito.MockitoTestExecutionListener, org.springframework.boot.test.mock.mockito.ResetMocksTestExecutionListener, org.springframework.boot.test.autoconfigure.restdocs.RestDocsTestExecutionListener, org.springframework.boot.test.autoconfigure.web.client.MockRestServiceServerResetTestExecutionListener, org.springframework.boot.test.autoconfigure.web.servlet.MockMvcPrintOnlyOnFailureTestExecutionListener, org.springframework.boot.test.autoconfigure.web.servlet.WebDriverTestExecutionListener, org.springframework.boot.test.autoconfigure.webservices.client.MockWebServiceServerTestExecutionListener, org.springframework.test.context.web.ServletTestExecutionListener, org.springframework.test.context.support.DirtiesContextBeforeModesTestExecutionListener, org.springframework.test.context.event.ApplicationEventsTestExecutionListener, org.springframework.test.context.support.DependencyInjectionTestExecutionListener, org.springframework.test.context.support.DirtiesContextTestExecutionListener, org.springframework.test.context.transaction.TransactionalTestExecutionListener, org.springframework.test.context.jdbc.SqlScriptsTestExecutionListener, org.springframework.test.context.event.EventPublishingTestExecutionListener]
2023-01-27 12:20:21.985  === [main] === INFO  === o.s.b.t.context.SpringBootTestContextBootstrapper ===  Using TestExecutionListeners: [org.springframework.test.context.web.ServletTestExecutionListener@76c5599b, org.springframework.test.context.support.DirtiesContextBeforeModesTestExecutionListener@7231c423, org.springframework.test.context.event.ApplicationEventsTestExecutionListener@5c4c4e96, org.springframework.boot.test.mock.mockito.MockitoTestExecutionListener@25d73ca6, org.springframework.boot.test.autoconfigure.SpringBootDependencyInjectionTestExecutionListener@7902b006, org.springframework.test.context.support.DirtiesContextTestExecutionListener@5ee63d9, org.springframework.test.context.event.EventPublishingTestExecutionListener@3b68a50c, org.springframework.boot.test.mock.mockito.ResetMocksTestExecutionListener@27c68ccb, org.springframework.boot.test.autoconfigure.restdocs.RestDocsTestExecutionListener@4ba88ab5, org.springframework.boot.test.autoconfigure.web.client.MockRestServiceServerResetTestExecutionListener@3d2ec8b2, org.springframework.boot.test.autoconfigure.web.servlet.MockMvcPrintOnlyOnFailureTestExecutionListener@43905ade, org.springframework.boot.test.autoconfigure.web.servlet.WebDriverTestExecutionListener@502326b3, org.springframework.boot.test.autoconfigure.webservices.client.MockWebServiceServerTestExecutionListener@5f51f320]
2023-01-27 12:20:22.114  === [main] === INFO  === o.s.b.t.context.SpringBootTestContextBootstrapper ===  Neither @ContextConfiguration nor @ContextHierarchy found for test class [com.safetynetalerts.SafetynetAlerts.controller.PersonControllerTest], using SpringBootContextLoader
2023-01-27 12:20:22.114  === [main] === INFO  === o.s.test.context.support.AbstractContextLoader ===  Could not detect default resource locations for test class [com.safetynetalerts.SafetynetAlerts.controller.PersonControllerTest]: no resource found for suffixes {-context.xml, Context.groovy}.
2023-01-27 12:20:22.114  === [main] === INFO  === o.s.t.c.support.AnnotationConfigContextLoaderUtils ===  Could not detect default configuration classes for test class [com.safetynetalerts.SafetynetAlerts.controller.PersonControllerTest]: PersonControllerTest does not declare any static, non-private, non-final, nested classes annotated with @Configuration.
2023-01-27 12:20:22.117  === [main] === INFO  === o.s.b.t.context.SpringBootTestContextBootstrapper ===  Found @SpringBootConfiguration com.safetynetalerts.SafetynetAlerts.SafetynetAlertsApplication for test class com.safetynetalerts.SafetynetAlerts.controller.PersonControllerTest
2023-01-27 12:20:22.119  === [main] === INFO  === o.s.b.t.context.SpringBootTestContextBootstrapper ===  Loaded default TestExecutionListener class names from location [META-INF/spring.factories]: [org.springframework.boot.test.mock.mockito.MockitoTestExecutionListener, org.springframework.boot.test.mock.mockito.ResetMocksTestExecutionListener, org.springframework.boot.test.autoconfigure.restdocs.RestDocsTestExecutionListener, org.springframework.boot.test.autoconfigure.web.client.MockRestServiceServerResetTestExecutionListener, org.springframework.boot.test.autoconfigure.web.servlet.MockMvcPrintOnlyOnFailureTestExecutionListener, org.springframework.boot.test.autoconfigure.web.servlet.WebDriverTestExecutionListener, org.springframework.boot.test.autoconfigure.webservices.client.MockWebServiceServerTestExecutionListener, org.springframework.test.context.web.ServletTestExecutionListener, org.springframework.test.context.support.DirtiesContextBeforeModesTestExecutionListener, org.springframework.test.context.event.ApplicationEventsTestExecutionListener, org.springframework.test.context.support.DependencyInjectionTestExecutionListener, org.springframework.test.context.support.DirtiesContextTestExecutionListener, org.springframework.test.context.transaction.TransactionalTestExecutionListener, org.springframework.test.context.jdbc.SqlScriptsTestExecutionListener, org.springframework.test.context.event.EventPublishingTestExecutionListener]
2023-01-27 12:20:22.119  === [main] === INFO  === o.s.b.t.context.SpringBootTestContextBootstrapper ===  Using TestExecutionListeners: [org.springframework.test.context.web.ServletTestExecutionListener@4d162d67, org.springframework.test.context.support.DirtiesContextBeforeModesTestExecutionListener@757501da, org.springframework.test.context.event.ApplicationEventsTestExecutionListener@2b1aa390, org.springframework.boot.test.mock.mockito.MockitoTestExecutionListener@5e1d6ace, org.springframework.boot.test.autoconfigure.SpringBootDependencyInjectionTestExecutionListener@221c097f, org.springframework.test.context.support.DirtiesContextTestExecutionListener@7f3aa737, org.springframework.test.context.event.EventPublishingTestExecutionListener@1428d63, org.springframework.boot.test.mock.mockito.ResetMocksTestExecutionListener@34bcdc9f, org.springframework.boot.test.autoconfigure.restdocs.RestDocsTestExecutionListener@76296c86, org.springframework.boot.test.autoconfigure.web.client.MockRestServiceServerResetTestExecutionListener@5c807e6b, org.springframework.boot.test.autoconfigure.web.servlet.MockMvcPrintOnlyOnFailureTestExecutionListener@49bcd90d, org.springframework.boot.test.autoconfigure.web.servlet.WebDriverTestExecutionListener@1bb6bc81, org.springframework.boot.test.autoconfigure.webservices.client.MockWebServiceServerTestExecutionListener@26c6be2d]
2023-01-27 12:20:22.127  === [main] === INFO  === PersonController ===  City Culver is quiered to get all emails.
2023-01-27 12:20:22.154  === [main] === INFO  === PersonController ===  Person{firstName='Khaoula', lastName='Hilali', address='22 rue pasteur', city='Paris', zip='75000', phone='234-879-0765', email='khilali@email.com'} is created !
2023-01-27 12:20:22.175  === [main] === INFO  === PersonController ===  Person John Boyd is deleted !
2023-01-27 12:20:22.182  === [main] === INFO  === PersonController ===  Person Khaoula Hilali is deleted !
2023-01-27 12:20:22.199  === [main] === INFO  === PersonController ===  Person{firstName='John', lastName='Boyd', address='1509 Culver Street', city='Culver', zip='97451', phone='841-874-6512', email='jaboyd@email.com'} is updated !
2023-01-27 12:20:22.207  === [main] === ERROR === PersonController ===  Failed to update :Person{firstName='Khaoula', lastName='Hilali', address='1509 Culver Street', city='Culver', zip='97451', phone='841-874-6512', email='jaboyd@email.com'}
2023-01-27 12:20:22.216  === [main] === INFO  === PersonController ===  John Boydinformation
2023-01-27 12:20:22.227  === [main] === INFO  === PersonController ===  Person{firstName='John', lastName='Boyd', address='1509 Culver St', city='Culver', zip='97451', phone='841-874-6512', email='jaboyd@email.com'} is created !
2023-01-27 12:20:22.235  === [main] === ERROR === PersonController ===  Person not found
2023-01-27 12:20:22.242  === [main] === INFO  === o.s.b.t.context.SpringBootTestContextBootstrapper ===  Neither @ContextConfiguration nor @ContextHierarchy found for test class [com.safetynetalerts.SafetynetAlerts.SafetynetAlertsApplicationTests], using SpringBootContextLoader
2023-01-27 12:20:22.243  === [main] === INFO  === o.s.test.context.support.AbstractContextLoader ===  Could not detect default resource locations for test class [com.safetynetalerts.SafetynetAlerts.SafetynetAlertsApplicationTests]: no resource found for suffixes {-context.xml, Context.groovy}.
2023-01-27 12:20:22.243  === [main] === INFO  === o.s.t.c.support.AnnotationConfigContextLoaderUtils ===  Could not detect default configuration classes for test class [com.safetynetalerts.SafetynetAlerts.SafetynetAlertsApplicationTests]: SafetynetAlertsApplicationTests does not declare any static, non-private, non-final, nested classes annotated with @Configuration.
2023-01-27 12:20:22.249  === [main] === INFO  === o.s.b.t.context.SpringBootTestContextBootstrapper ===  Found @SpringBootConfiguration com.safetynetalerts.SafetynetAlerts.SafetynetAlertsApplication for test class com.safetynetalerts.SafetynetAlerts.SafetynetAlertsApplicationTests
2023-01-27 12:20:22.251  === [main] === INFO  === o.s.b.t.context.SpringBootTestContextBootstrapper ===  Loaded default TestExecutionListener class names from location [META-INF/spring.factories]: [org.springframework.boot.test.mock.mockito.MockitoTestExecutionListener, org.springframework.boot.test.mock.mockito.ResetMocksTestExecutionListener, org.springframework.boot.test.autoconfigure.restdocs.RestDocsTestExecutionListener, org.springframework.boot.test.autoconfigure.web.client.MockRestServiceServerResetTestExecutionListener, org.springframework.boot.test.autoconfigure.web.servlet.MockMvcPrintOnlyOnFailureTestExecutionListener, org.springframework.boot.test.autoconfigure.web.servlet.WebDriverTestExecutionListener, org.springframework.boot.test.autoconfigure.webservices.client.MockWebServiceServerTestExecutionListener, org.springframework.test.context.web.ServletTestExecutionListener, org.springframework.test.context.support.DirtiesContextBeforeModesTestExecutionListener, org.springframework.test.context.event.ApplicationEventsTestExecutionListener, org.springframework.test.context.support.DependencyInjectionTestExecutionListener, org.springframework.test.context.support.DirtiesContextTestExecutionListener, org.springframework.test.context.transaction.TransactionalTestExecutionListener, org.springframework.test.context.jdbc.SqlScriptsTestExecutionListener, org.springframework.test.context.event.EventPublishingTestExecutionListener]
2023-01-27 12:20:22.252  === [main] === INFO  === o.s.b.t.context.SpringBootTestContextBootstrapper ===  Using TestExecutionListeners: [org.springframework.test.context.web.ServletTestExecutionListener@736905fe, org.springframework.test.context.support.DirtiesContextBeforeModesTestExecutionListener@1bb509a6, org.springframework.test.context.event.ApplicationEventsTestExecutionListener@280d1d8d, org.springframework.boot.test.mock.mockito.MockitoTestExecutionListener@397fced4, org.springframework.boot.test.autoconfigure.SpringBootDependencyInjectionTestExecutionListener@2026af0, org.springframework.test.context.support.DirtiesContextTestExecutionListener@31c9bb2f, org.springframework.test.context.event.EventPublishingTestExecutionListener@71e839ee, org.springframework.boot.test.mock.mockito.ResetMocksTestExecutionListener@36a65069, org.springframework.boot.test.autoconfigure.restdocs.RestDocsTestExecutionListener@2762e9a7, org.springframework.boot.test.autoconfigure.web.client.MockRestServiceServerResetTestExecutionListener@5b8e2ea7, org.springframework.boot.test.autoconfigure.web.servlet.MockMvcPrintOnlyOnFailureTestExecutionListener@6b994b71, org.springframework.boot.test.autoconfigure.web.servlet.WebDriverTestExecutionListener@6fb87b73, org.springframework.boot.test.autoconfigure.webservices.client.MockWebServiceServerTestExecutionListener@5f2788f2]
2023-01-27 12:20:22.287  === [main] === INFO  === c.s.S.SafetynetAlertsApplicationTests ===  Starting SafetynetAlertsApplicationTests using Java 18.0.2.1 on LAPTOP-C8U76SD3 with PID 5356 (started by hilal in D:\OPC\Formation_Java\P5\SafetynetAlerts\SafetynetAlerts)
2023-01-27 12:20:22.287  === [main] === INFO  === c.s.S.SafetynetAlertsApplicationTests ===  No active profile set, falling back to 1 default profile: "default"
2023-01-27 12:20:22.880  === [main] === INFO  === c.s.S.SafetynetAlertsApplicationTests ===  Started SafetynetAlertsApplicationTests in 0.625 seconds (JVM running for 7.306)
2023-01-27 12:41:40.799  === [main] === INFO  === c.s.S.controller.PersonControllerTest ===  Starting PersonControllerTest using Java 18.0.2.1 on LAPTOP-C8U76SD3 with PID 11312 (started by hilal in D:\OPC\Formation_Java\P5\SafetynetAlerts\SafetynetAlerts)
2023-01-27 12:41:40.799  === [main] === INFO  === c.s.S.controller.PersonControllerTest ===  No active profile set, falling back to 1 default profile: "default"
2023-01-27 12:41:41.986  === [main] === INFO  === o.s.b.test.mock.web.SpringBootMockServletContext ===  Initializing Spring TestDispatcherServlet ''
2023-01-27 12:41:41.986  === [main] === INFO  === o.s.test.web.servlet.TestDispatcherServlet ===  Initializing Servlet ''
2023-01-27 12:41:41.987  === [main] === INFO  === o.s.test.web.servlet.TestDispatcherServlet ===  Completed initialization in 1 ms
2023-01-27 12:41:42.004  === [main] === INFO  === c.s.S.controller.PersonControllerTest ===  Started PersonControllerTest in 1.435 seconds (JVM running for 2.36)
2023-01-27 12:41:42.325  === [main] === INFO  === PersonController ===  City Culver is quiered to get all emails.
2023-01-27 12:41:42.398  === [main] === INFO  === PersonController ===  Person{firstName='Khaoula', lastName='Hilali', address='22 rue pasteur', city='Paris', zip='75000', phone='234-879-0765', email='khilali@email.com'} is created !
2023-01-27 12:41:42.417  === [main] === INFO  === PersonController ===  Person John Boyd is deleted !
2023-01-27 12:41:42.424  === [main] === INFO  === PersonController ===  Person Khaoula Hilali is deleted !
2023-01-27 12:41:42.432  === [main] === INFO  === PersonController ===  Person{firstName='John', lastName='Boyd', address='1509 Culver Street', city='Culver', zip='97451', phone='841-874-6512', email='jaboyd@email.com'} is updated !
2023-01-27 12:41:42.443  === [main] === ERROR === PersonController ===  Failed to update :Person{firstName='Khaoula', lastName='Hilali', address='1509 Culver Street', city='Culver', zip='97451', phone='841-874-6512', email='jaboyd@email.com'}
2023-01-27 12:41:42.466  === [main] === INFO  === PersonController ===  John Boydinformation
2023-01-27 12:41:42.478  === [main] === INFO  === PersonController ===  Person{firstName='John', lastName='Boyd', address='1509 Culver St', city='Culver', zip='97451', phone='841-874-6512', email='jaboyd@email.com'} is created !
2023-01-27 12:41:42.484  === [main] === ERROR === PersonController ===  Person not found
2023-01-27 12:41:51.848  === [main] === INFO  === c.s.S.controller.MedicalRecordControllerTest ===  Starting MedicalRecordControllerTest using Java 18.0.2.1 on LAPTOP-C8U76SD3 with PID 11392 (started by hilal in D:\OPC\Formation_Java\P5\SafetynetAlerts\SafetynetAlerts)
2023-01-27 12:41:51.849  === [main] === INFO  === c.s.S.controller.MedicalRecordControllerTest ===  No active profile set, falling back to 1 default profile: "default"
2023-01-27 12:41:53.094  === [main] === INFO  === o.s.b.test.mock.web.SpringBootMockServletContext ===  Initializing Spring TestDispatcherServlet ''
2023-01-27 12:41:53.094  === [main] === INFO  === o.s.test.web.servlet.TestDispatcherServlet ===  Initializing Servlet ''
2023-01-27 12:41:53.095  === [main] === INFO  === o.s.test.web.servlet.TestDispatcherServlet ===  Completed initialization in 1 ms
2023-01-27 12:41:53.113  === [main] === INFO  === c.s.S.controller.MedicalRecordControllerTest ===  Started MedicalRecordControllerTest in 1.488 seconds (JVM running for 2.372)
2023-01-27 12:42:30.361  === [main] === INFO  === c.s.S.controller.FireStationControllerTest ===  Starting FireStationControllerTest using Java 18.0.2.1 on LAPTOP-C8U76SD3 with PID 4600 (started by hilal in D:\OPC\Formation_Java\P5\SafetynetAlerts\SafetynetAlerts)
2023-01-27 12:42:30.362  === [main] === INFO  === c.s.S.controller.FireStationControllerTest ===  No active profile set, falling back to 1 default profile: "default"
2023-01-27 12:42:31.534  === [main] === INFO  === o.s.b.test.mock.web.SpringBootMockServletContext ===  Initializing Spring TestDispatcherServlet ''
2023-01-27 12:42:31.536  === [main] === INFO  === o.s.test.web.servlet.TestDispatcherServlet ===  Initializing Servlet ''
2023-01-27 12:42:31.537  === [main] === INFO  === o.s.test.web.servlet.TestDispatcherServlet ===  Completed initialization in 1 ms
2023-01-27 12:42:31.557  === [main] === INFO  === c.s.S.controller.FireStationControllerTest ===  Started FireStationControllerTest in 1.413 seconds (JVM running for 2.263)
2023-01-27 12:42:31.923  === [main] === INFO  === FireStationController ===  Station address1509 Culver Stis queried to get stations.
2023-01-27 12:42:31.988  === [main] === WARN  === o.s.w.s.m.support.DefaultHandlerExceptionResolver ===  Resolved [org.springframework.web.HttpRequestMethodNotSupportedException: Request method 'POST' not supported]
2023-01-27 12:42:32.006  === [main] === WARN  === o.s.w.s.m.support.DefaultHandlerExceptionResolver ===  Resolved [org.springframework.web.bind.MissingServletRequestParameterException: Required request parameter 'stationNumber' for method parameter type String is not present]
2023-01-27 12:42:32.018  === [main] === INFO  === FireStationController ===  Station address22 rue pasteuris queried to get stations.
2023-01-27 12:42:32.062  === [main] === WARN  === o.s.w.s.m.support.DefaultHandlerExceptionResolver ===  Resolved [org.springframework.web.HttpRequestMethodNotSupportedException: Request method 'POST' not supported]
2023-01-27 12:42:45.829  === [main] === INFO  === c.s.S.controller.FireStationControllerTest ===  Starting FireStationControllerTest using Java 18.0.2.1 on LAPTOP-C8U76SD3 with PID 20724 (started by hilal in D:\OPC\Formation_Java\P5\SafetynetAlerts\SafetynetAlerts)
2023-01-27 12:42:45.830  === [main] === INFO  === c.s.S.controller.FireStationControllerTest ===  No active profile set, falling back to 1 default profile: "default"
2023-01-27 12:42:46.957  === [main] === INFO  === o.s.b.test.mock.web.SpringBootMockServletContext ===  Initializing Spring TestDispatcherServlet ''
2023-01-27 12:42:46.957  === [main] === INFO  === o.s.test.web.servlet.TestDispatcherServlet ===  Initializing Servlet ''
2023-01-27 12:42:46.957  === [main] === INFO  === o.s.test.web.servlet.TestDispatcherServlet ===  Completed initialization in 0 ms
2023-01-27 12:42:46.980  === [main] === INFO  === c.s.S.controller.FireStationControllerTest ===  Started FireStationControllerTest in 1.365 seconds (JVM running for 2.287)
2023-01-27 12:45:06.451  === [main] === INFO  === c.s.S.controller.MedicalRecordControllerTest ===  Starting MedicalRecordControllerTest using Java 18.0.2.1 on LAPTOP-C8U76SD3 with PID 1144 (started by hilal in D:\OPC\Formation_Java\P5\SafetynetAlerts\SafetynetAlerts)
2023-01-27 12:45:06.453  === [main] === INFO  === c.s.S.controller.MedicalRecordControllerTest ===  No active profile set, falling back to 1 default profile: "default"
2023-01-27 12:45:07.588  === [main] === INFO  === o.s.b.test.mock.web.SpringBootMockServletContext ===  Initializing Spring TestDispatcherServlet ''
2023-01-27 12:45:07.589  === [main] === INFO  === o.s.test.web.servlet.TestDispatcherServlet ===  Initializing Servlet ''
2023-01-27 12:45:07.589  === [main] === INFO  === o.s.test.web.servlet.TestDispatcherServlet ===  Completed initialization in 0 ms
2023-01-27 12:45:07.609  === [main] === INFO  === c.s.S.controller.MedicalRecordControllerTest ===  Started MedicalRecordControllerTest in 1.381 seconds (JVM running for 2.26)
2023-01-27 12:45:07.948  === [main] === INFO  === MedicalRecordController ===  Children living in the29 15th St
2023-01-27 12:45:08.067  === [main] === ERROR === MedicalRecordController ===  Failed to update MedicalRecord{firstName='Khaoula', lastName='Hilali', birthdate='12/03/1986', medications=[aznol:350mg,hydrapermazol:100mg], allergies=[nillacilan]}
2023-01-27 12:45:08.078  === [main] === INFO  === MedicalRecordController ===  Medical Record Khaoula Hilaliis deleted
2023-01-27 12:45:08.089  === [main] === INFO  === MedicalRecordController ===  MedicalRecord{firstName='Khaoula', lastName='Hilali', birthdate='12/03/1978', medications=[amoxicilline:100mg], allergies=[]}is created
2023-01-27 12:45:08.095  === [main] === INFO  === MedicalRecordController ===  Children living in the1509 Culver St
2023-01-27 12:45:08.109  === [main] === INFO  === MedicalRecordController ===  MedicalRecord{firstName='John', lastName='Boyd', birthdate='03/06/1984', medications=[aznol:350mg,hydrapermazol:100mg], allergies=[nillacilan]}is created
2023-01-27 12:45:08.118  === [main] === INFO  === MedicalRecordController ===  MedicalRecord{firstName='John', lastName='Boyd', birthdate='12/03/1978', medications=[amoxicilline:100mg], allergies=[]}is updated
2023-01-27 12:45:08.125  === [main] === INFO  === MedicalRecordController ===  Medical Record John Boydis deleted
2023-01-27 12:45:08.131  === [main] === INFO  === MedicalRecordController ===  Children living in the1509 Culver
2023-01-27 12:45:08.136  === [main] === WARN  === o.s.w.s.m.support.DefaultHandlerExceptionResolver ===  Resolved [org.springframework.http.converter.HttpMessageNotWritableException: Could not write JSON: Cannot invoke "java.util.Collection.toArray()" because "c" is null; nested exception is com.fasterxml.jackson.databind.JsonMappingException: Cannot invoke "java.util.Collection.toArray()" because "c" is null (through reference chain: com.safetynetalerts.SafetynetAlerts.model.DTO.ChildAlertDto["children"])]
2023-01-27 12:47:39.620  === [main] === INFO  === c.s.S.controller.FireStationControllerTest ===  Starting FireStationControllerTest using Java 18.0.2.1 on LAPTOP-C8U76SD3 with PID 18232 (started by hilal in D:\OPC\Formation_Java\P5\SafetynetAlerts\SafetynetAlerts)
2023-01-27 12:47:39.623  === [main] === INFO  === c.s.S.controller.FireStationControllerTest ===  No active profile set, falling back to 1 default profile: "default"
2023-01-27 12:47:40.826  === [main] === INFO  === o.s.b.test.mock.web.SpringBootMockServletContext ===  Initializing Spring TestDispatcherServlet ''
2023-01-27 12:47:40.827  === [main] === INFO  === o.s.test.web.servlet.TestDispatcherServlet ===  Initializing Servlet ''
2023-01-27 12:47:40.827  === [main] === INFO  === o.s.test.web.servlet.TestDispatcherServlet ===  Completed initialization in 0 ms
2023-01-27 12:47:40.846  === [main] === INFO  === c.s.S.controller.FireStationControllerTest ===  Started FireStationControllerTest in 1.45 seconds (JVM running for 2.325)
2023-01-27 12:47:41.216  === [main] === INFO  === FireStationController ===  FireStation{address='1509 Culver St', stationNumber='2'} is updated !
2023-01-27 12:47:41.245  === [main] === INFO  === FireStationController ===  Station address1509 Culver Stis queried to get stations.
2023-01-27 12:47:41.296  === [main] === INFO  === FireStationController ===  FireStation{address='1509 Culver St', stationNumber='3'} is created !
2023-01-27 12:47:41.302  === [main] === ERROR === FireStationController ===  Failed to update :FireStation{address='22 rue pasteur', stationNumber='5'}
2023-01-27 12:47:41.318  === [main] === WARN  === o.s.w.s.m.support.DefaultHandlerExceptionResolver ===  Resolved [org.springframework.web.bind.MissingServletRequestParameterException: Required request parameter 'firestation' for method parameter type String is not present]
2023-01-27 12:47:41.329  === [main] === INFO  === FireStationController ===  Station address22 rue pasteuris queried to get stations.
2023-01-27 12:47:41.334  === [main] === INFO  === FireStationController ===  FireStation 22 rue pasteur is deleted !
2023-01-27 12:47:41.340  === [main] === WARN  === o.s.w.s.m.support.DefaultHandlerExceptionResolver ===  Resolved [org.springframework.web.bind.MissingServletRequestParameterException: Required request parameter 'stationNumber' for method parameter type String is not present]
2023-01-27 12:47:41.349  === [main] === WARN  === o.s.w.s.m.support.DefaultHandlerExceptionResolver ===  Resolved [org.springframework.web.bind.MissingServletRequestParameterException: Required request parameter 'firestation' for method parameter type String is not present]
2023-01-27 12:47:41.356  === [main] === WARN  === o.s.w.s.m.support.DefaultHandlerExceptionResolver ===  Resolved [org.springframework.web.bind.MissingServletRequestParameterException: Required request parameter 'stations' for method parameter type List is not present]
2023-01-27 12:47:41.364  === [main] === INFO  === FireStationController ===  FireStation 1509 Culver St is deleted !
2023-01-27 12:47:41.368  === [main] === INFO  === FireStationController ===  FireStation{address='22 rue pasteur', stationNumber='5'} is created !
2023-01-27 12:47:41.371  === [main] === WARN  === o.s.w.s.m.support.DefaultHandlerExceptionResolver ===  Resolved [org.springframework.web.bind.MissingServletRequestParameterException: Required request parameter 'stations' for method parameter type List is not present]
2023-01-27 12:47:41.377  === [main] === WARN  === o.s.w.s.m.support.DefaultHandlerExceptionResolver ===  Resolved [org.springframework.web.bind.MissingServletRequestParameterException: Required request parameter 'stationNumber' for method parameter type String is not present]
2023-01-27 12:49:13.434  === [main] === INFO  === c.s.S.controller.FireStationControllerTest ===  Starting FireStationControllerTest using Java 18.0.2.1 on LAPTOP-C8U76SD3 with PID 4108 (started by hilal in D:\OPC\Formation_Java\P5\SafetynetAlerts\SafetynetAlerts)
2023-01-27 12:49:13.435  === [main] === INFO  === c.s.S.controller.FireStationControllerTest ===  No active profile set, falling back to 1 default profile: "default"
2023-01-27 12:49:14.573  === [main] === INFO  === o.s.b.test.mock.web.SpringBootMockServletContext ===  Initializing Spring TestDispatcherServlet ''
2023-01-27 12:49:14.573  === [main] === INFO  === o.s.test.web.servlet.TestDispatcherServlet ===  Initializing Servlet ''
2023-01-27 12:49:14.573  === [main] === INFO  === o.s.test.web.servlet.TestDispatcherServlet ===  Completed initialization in 0 ms
2023-01-27 12:49:14.591  === [main] === INFO  === c.s.S.controller.FireStationControllerTest ===  Started FireStationControllerTest in 1.383 seconds (JVM running for 2.279)
2023-01-27 12:49:14.929  === [main] === WARN  === o.s.w.s.m.support.DefaultHandlerExceptionResolver ===  Resolved [org.springframework.web.bind.MissingServletRequestParameterException: Required request parameter 'firestation' for method parameter type String is not present]
2023-01-27 12:50:58.043  === [main] === INFO  === c.s.S.controller.FireStationControllerTest ===  Starting FireStationControllerTest using Java 18.0.2.1 on LAPTOP-C8U76SD3 with PID 2156 (started by hilal in D:\OPC\Formation_Java\P5\SafetynetAlerts\SafetynetAlerts)
2023-01-27 12:50:58.044  === [main] === INFO  === c.s.S.controller.FireStationControllerTest ===  No active profile set, falling back to 1 default profile: "default"
2023-01-27 12:50:59.298  === [main] === INFO  === o.s.b.test.mock.web.SpringBootMockServletContext ===  Initializing Spring TestDispatcherServlet ''
2023-01-27 12:50:59.299  === [main] === INFO  === o.s.test.web.servlet.TestDispatcherServlet ===  Initializing Servlet ''
2023-01-27 12:50:59.300  === [main] === INFO  === o.s.test.web.servlet.TestDispatcherServlet ===  Completed initialization in 1 ms
2023-01-27 12:50:59.321  === [main] === INFO  === c.s.S.controller.FireStationControllerTest ===  Started FireStationControllerTest in 1.582 seconds (JVM running for 2.721)
2023-01-27 12:50:59.671  === [main] === INFO  === FireStationController ===  FireStation{address='1509 Culver St', stationNumber='2'} is updated !
2023-01-27 12:50:59.699  === [main] === INFO  === FireStationController ===  Station address1509 Culver Stis queried to get stations.
2023-01-27 12:50:59.759  === [main] === INFO  === FireStationController ===  FireStation{address='1509 Culver St', stationNumber='3'} is created !
2023-01-27 12:50:59.770  === [main] === ERROR === FireStationController ===  Failed to update :FireStation{address='22 rue pasteur', stationNumber='5'}
2023-01-27 12:50:59.788  === [main] === INFO  === FireStationController ===  Fire Station19is queried to get phones.
2023-01-27 12:50:59.794  === [main] === INFO  === FireStationController ===  Station address22 rue pasteuris queried to get stations.
2023-01-27 12:50:59.801  === [main] === INFO  === FireStationController ===  FireStation 22 rue pasteur is deleted !
2023-01-27 12:50:59.807  === [main] === INFO  === FireStationController ===  Station number10is queried to get persons.
2023-01-27 12:50:59.819  === [main] === INFO  === FireStationController ===  Fire Station1is queried to get phones.
2023-01-27 12:50:59.829  === [main] === WARN  === o.s.w.s.m.support.DefaultHandlerExceptionResolver ===  Resolved [org.springframework.web.bind.MissingServletRequestParameterException: Required request parameter 'stations' for method parameter type List is not present]
2023-01-27 12:50:59.839  === [main] === INFO  === FireStationController ===  FireStation 1509 Culver St is deleted !
2023-01-27 12:50:59.844  === [main] === INFO  === FireStationController ===  FireStation{address='22 rue pasteur', stationNumber='5'} is created !
2023-01-27 12:50:59.851  === [main] === INFO  === FireStationController ===  Stations [10, 20] is queried to get persons.
2023-01-27 12:50:59.858  === [main] === INFO  === FireStationController ===  Station number2is queried to get persons.
2023-01-27 12:51:17.925  === [main] === INFO  === c.s.S.controller.FireStationControllerTest ===  Starting FireStationControllerTest using Java 18.0.2.1 on LAPTOP-C8U76SD3 with PID 15280 (started by hilal in D:\OPC\Formation_Java\P5\SafetynetAlerts\SafetynetAlerts)
2023-01-27 12:51:17.926  === [main] === INFO  === c.s.S.controller.FireStationControllerTest ===  No active profile set, falling back to 1 default profile: "default"
2023-01-27 12:51:19.111  === [main] === INFO  === o.s.b.test.mock.web.SpringBootMockServletContext ===  Initializing Spring TestDispatcherServlet ''
2023-01-27 12:51:19.111  === [main] === INFO  === o.s.test.web.servlet.TestDispatcherServlet ===  Initializing Servlet ''
2023-01-27 12:51:19.113  === [main] === INFO  === o.s.test.web.servlet.TestDispatcherServlet ===  Completed initialization in 2 ms
2023-01-27 12:51:19.135  === [main] === INFO  === c.s.S.controller.FireStationControllerTest ===  Started FireStationControllerTest in 1.429 seconds (JVM running for 2.31)
2023-01-27 12:51:19.502  === [main] === INFO  === FireStationController ===  FireStation{address='1509 Culver St', stationNumber='2'} is updated !
2023-01-27 12:51:19.530  === [main] === INFO  === FireStationController ===  Station address1509 Culver Stis queried to get stations.
2023-01-27 12:51:19.591  === [main] === INFO  === FireStationController ===  FireStation{address='1509 Culver St', stationNumber='3'} is created !
2023-01-27 12:51:19.598  === [main] === ERROR === FireStationController ===  Failed to update :FireStation{address='22 rue pasteur', stationNumber='5'}
2023-01-27 12:51:19.614  === [main] === INFO  === FireStationController ===  Fire Station19is queried to get phones.
2023-01-27 12:51:19.621  === [main] === INFO  === FireStationController ===  Station address22 rue pasteuris queried to get stations.
2023-01-27 12:51:19.628  === [main] === INFO  === FireStationController ===  FireStation 22 rue pasteur is deleted !
2023-01-27 12:51:19.632  === [main] === INFO  === FireStationController ===  Station number10is queried to get persons.
2023-01-27 12:51:19.644  === [main] === INFO  === FireStationController ===  Fire Station1is queried to get phones.
2023-01-27 12:51:19.650  === [main] === INFO  === FireStationController ===  Stations [2, 3] is queried to get persons.
2023-01-27 12:51:19.660  === [main] === INFO  === FireStationController ===  FireStation 1509 Culver St is deleted !
2023-01-27 12:51:19.666  === [main] === INFO  === FireStationController ===  FireStation{address='22 rue pasteur', stationNumber='5'} is created !
2023-01-27 12:51:19.670  === [main] === INFO  === FireStationController ===  Stations [10, 20] is queried to get persons.
2023-01-27 12:51:19.675  === [main] === INFO  === FireStationController ===  Station number2is queried to get persons.
2023-01-27 12:51:29.087  === [main] === INFO  === c.s.S.controller.FireStationControllerTest ===  Starting FireStationControllerTest using Java 18.0.2.1 on LAPTOP-C8U76SD3 with PID 21180 (started by hilal in D:\OPC\Formation_Java\P5\SafetynetAlerts\SafetynetAlerts)
2023-01-27 12:51:29.090  === [main] === INFO  === c.s.S.controller.FireStationControllerTest ===  No active profile set, falling back to 1 default profile: "default"
2023-01-27 12:51:30.765  === [main] === INFO  === o.s.b.test.mock.web.SpringBootMockServletContext ===  Initializing Spring TestDispatcherServlet ''
2023-01-27 12:51:30.765  === [main] === INFO  === o.s.test.web.servlet.TestDispatcherServlet ===  Initializing Servlet ''
2023-01-27 12:51:30.766  === [main] === INFO  === o.s.test.web.servlet.TestDispatcherServlet ===  Completed initialization in 1 ms
2023-01-27 12:51:30.786  === [main] === INFO  === c.s.S.controller.FireStationControllerTest ===  Started FireStationControllerTest in 2.073 seconds (JVM running for 3.566)
2023-01-27 12:51:31.444  === [main] === INFO  === FireStationController ===  FireStation{address='1509 Culver St', stationNumber='2'} is updated !
2023-01-27 12:51:31.486  === [main] === INFO  === FireStationController ===  Station address1509 Culver Stis queried to get stations.
2023-01-27 12:51:31.578  === [main] === INFO  === FireStationController ===  FireStation{address='1509 Culver St', stationNumber='3'} is created !
2023-01-27 12:51:31.588  === [main] === ERROR === FireStationController ===  Failed to update :FireStation{address='22 rue pasteur', stationNumber='5'}
2023-01-27 12:51:31.605  === [main] === INFO  === FireStationController ===  Fire Station19is queried to get phones.
2023-01-27 12:51:31.615  === [main] === INFO  === FireStationController ===  Station address22 rue pasteuris queried to get stations.
2023-01-27 12:51:31.624  === [main] === INFO  === FireStationController ===  FireStation 22 rue pasteur is deleted !
2023-01-27 12:51:31.632  === [main] === INFO  === FireStationController ===  Station number10is queried to get persons.
2023-01-27 12:51:31.647  === [main] === INFO  === FireStationController ===  Fire Station1is queried to get phones.
2023-01-27 12:51:31.658  === [main] === INFO  === FireStationController ===  Stations [2, 3] is queried to get persons.
2023-01-27 12:51:31.675  === [main] === INFO  === FireStationController ===  FireStation 1509 Culver St is deleted !
2023-01-27 12:51:31.685  === [main] === INFO  === FireStationController ===  FireStation{address='22 rue pasteur', stationNumber='5'} is created !
2023-01-27 12:51:31.692  === [main] === INFO  === FireStationController ===  Stations [10, 20] is queried to get persons.
2023-01-27 12:51:31.699  === [main] === INFO  === FireStationController ===  Station number2is queried to get persons.
2023-01-27 12:51:31.711  === [main] === INFO  === o.s.b.t.context.SpringBootTestContextBootstrapper ===  Neither @ContextConfiguration nor @ContextHierarchy found for test class [com.safetynetalerts.SafetynetAlerts.controller.MedicalRecordControllerTest], using SpringBootContextLoader
2023-01-27 12:51:31.712  === [main] === INFO  === o.s.test.context.support.AbstractContextLoader ===  Could not detect default resource locations for test class [com.safetynetalerts.SafetynetAlerts.controller.MedicalRecordControllerTest]: no resource found for suffixes {-context.xml, Context.groovy}.
2023-01-27 12:51:31.713  === [main] === INFO  === o.s.t.c.support.AnnotationConfigContextLoaderUtils ===  Could not detect default configuration classes for test class [com.safetynetalerts.SafetynetAlerts.controller.MedicalRecordControllerTest]: MedicalRecordControllerTest does not declare any static, non-private, non-final, nested classes annotated with @Configuration.
2023-01-27 12:51:31.720  === [main] === INFO  === o.s.b.t.context.SpringBootTestContextBootstrapper ===  Found @SpringBootConfiguration com.safetynetalerts.SafetynetAlerts.SafetynetAlertsApplication for test class com.safetynetalerts.SafetynetAlerts.controller.MedicalRecordControllerTest
2023-01-27 12:51:31.723  === [main] === INFO  === o.s.b.t.context.SpringBootTestContextBootstrapper ===  Loaded default TestExecutionListener class names from location [META-INF/spring.factories]: [org.springframework.boot.test.mock.mockito.MockitoTestExecutionListener, org.springframework.boot.test.mock.mockito.ResetMocksTestExecutionListener, org.springframework.boot.test.autoconfigure.restdocs.RestDocsTestExecutionListener, org.springframework.boot.test.autoconfigure.web.client.MockRestServiceServerResetTestExecutionListener, org.springframework.boot.test.autoconfigure.web.servlet.MockMvcPrintOnlyOnFailureTestExecutionListener, org.springframework.boot.test.autoconfigure.web.servlet.WebDriverTestExecutionListener, org.springframework.boot.test.autoconfigure.webservices.client.MockWebServiceServerTestExecutionListener, org.springframework.test.context.web.ServletTestExecutionListener, org.springframework.test.context.support.DirtiesContextBeforeModesTestExecutionListener, org.springframework.test.context.event.ApplicationEventsTestExecutionListener, org.springframework.test.context.support.DependencyInjectionTestExecutionListener, org.springframework.test.context.support.DirtiesContextTestExecutionListener, org.springframework.test.context.transaction.TransactionalTestExecutionListener, org.springframework.test.context.jdbc.SqlScriptsTestExecutionListener, org.springframework.test.context.event.EventPublishingTestExecutionListener]
2023-01-27 12:51:31.725  === [main] === INFO  === o.s.b.t.context.SpringBootTestContextBootstrapper ===  Using TestExecutionListeners: [org.springframework.test.context.web.ServletTestExecutionListener@4bcff08c, org.springframework.test.context.support.DirtiesContextBeforeModesTestExecutionListener@52a1d6f, org.springframework.test.context.event.ApplicationEventsTestExecutionListener@38bb297, org.springframework.boot.test.mock.mockito.MockitoTestExecutionListener@6c96e1d5, org.springframework.boot.test.autoconfigure.SpringBootDependencyInjectionTestExecutionListener@58e9375b, org.springframework.test.context.support.DirtiesContextTestExecutionListener@d7d984c, org.springframework.test.context.event.EventPublishingTestExecutionListener@53bc8c7e, org.springframework.boot.test.mock.mockito.ResetMocksTestExecutionListener@8ff4795, org.springframework.boot.test.autoconfigure.restdocs.RestDocsTestExecutionListener@19bdfa3e, org.springframework.boot.test.autoconfigure.web.client.MockRestServiceServerResetTestExecutionListener@78e3bebd, org.springframework.boot.test.autoconfigure.web.servlet.MockMvcPrintOnlyOnFailureTestExecutionListener@4f0b02a3, org.springframework.boot.test.autoconfigure.web.servlet.WebDriverTestExecutionListener@3d3a3738, org.springframework.boot.test.autoconfigure.webservices.client.MockWebServiceServerTestExecutionListener@4ba056ab]
2023-01-27 12:51:31.735  === [main] === INFO  === MedicalRecordController ===  Children living in the29 15th St
2023-01-27 12:51:31.783  === [main] === ERROR === MedicalRecordController ===  Failed to update MedicalRecord{firstName='Khaoula', lastName='Hilali', birthdate='12/03/1986', medications=[aznol:350mg,hydrapermazol:100mg], allergies=[nillacilan]}
2023-01-27 12:51:31.790  === [main] === INFO  === MedicalRecordController ===  Medical Record Khaoula Hilaliis deleted
2023-01-27 12:51:31.811  === [main] === INFO  === MedicalRecordController ===  MedicalRecord{firstName='Khaoula', lastName='Hilali', birthdate='12/03/1978', medications=[amoxicilline:100mg], allergies=[]}is created
2023-01-27 12:51:31.820  === [main] === INFO  === MedicalRecordController ===  Children living in the1509 Culver St
2023-01-27 12:51:31.838  === [main] === INFO  === MedicalRecordController ===  MedicalRecord{firstName='John', lastName='Boyd', birthdate='03/06/1984', medications=[aznol:350mg,hydrapermazol:100mg], allergies=[nillacilan]}is created
2023-01-27 12:51:31.851  === [main] === INFO  === MedicalRecordController ===  MedicalRecord{firstName='John', lastName='Boyd', birthdate='12/03/1978', medications=[amoxicilline:100mg], allergies=[]}is updated
2023-01-27 12:51:31.862  === [main] === INFO  === MedicalRecordController ===  Medical Record John Boydis deleted
2023-01-27 12:51:31.873  === [main] === INFO  === MedicalRecordController ===  Children living in the1509 Culver
2023-01-27 12:51:31.880  === [main] === WARN  === o.s.w.s.m.support.DefaultHandlerExceptionResolver ===  Resolved [org.springframework.http.converter.HttpMessageNotWritableException: Could not write JSON: Cannot invoke "java.util.Collection.toArray()" because "c" is null; nested exception is com.fasterxml.jackson.databind.JsonMappingException: Cannot invoke "java.util.Collection.toArray()" because "c" is null (through reference chain: com.safetynetalerts.SafetynetAlerts.model.DTO.ChildAlertDto["children"])]
2023-01-27 12:51:31.887  === [main] === INFO  === o.s.b.t.context.SpringBootTestContextBootstrapper ===  Neither @ContextConfiguration nor @ContextHierarchy found for test class [com.safetynetalerts.SafetynetAlerts.controller.PersonControllerTest], using SpringBootContextLoader
2023-01-27 12:51:31.889  === [main] === INFO  === o.s.test.context.support.AbstractContextLoader ===  Could not detect default resource locations for test class [com.safetynetalerts.SafetynetAlerts.controller.PersonControllerTest]: no resource found for suffixes {-context.xml, Context.groovy}.
2023-01-27 12:51:31.889  === [main] === INFO  === o.s.t.c.support.AnnotationConfigContextLoaderUtils ===  Could not detect default configuration classes for test class [com.safetynetalerts.SafetynetAlerts.controller.PersonControllerTest]: PersonControllerTest does not declare any static, non-private, non-final, nested classes annotated with @Configuration.
2023-01-27 12:51:31.893  === [main] === INFO  === o.s.b.t.context.SpringBootTestContextBootstrapper ===  Found @SpringBootConfiguration com.safetynetalerts.SafetynetAlerts.SafetynetAlertsApplication for test class com.safetynetalerts.SafetynetAlerts.controller.PersonControllerTest
2023-01-27 12:51:31.895  === [main] === INFO  === o.s.b.t.context.SpringBootTestContextBootstrapper ===  Loaded default TestExecutionListener class names from location [META-INF/spring.factories]: [org.springframework.boot.test.mock.mockito.MockitoTestExecutionListener, org.springframework.boot.test.mock.mockito.ResetMocksTestExecutionListener, org.springframework.boot.test.autoconfigure.restdocs.RestDocsTestExecutionListener, org.springframework.boot.test.autoconfigure.web.client.MockRestServiceServerResetTestExecutionListener, org.springframework.boot.test.autoconfigure.web.servlet.MockMvcPrintOnlyOnFailureTestExecutionListener, org.springframework.boot.test.autoconfigure.web.servlet.WebDriverTestExecutionListener, org.springframework.boot.test.autoconfigure.webservices.client.MockWebServiceServerTestExecutionListener, org.springframework.test.context.web.ServletTestExecutionListener, org.springframework.test.context.support.DirtiesContextBeforeModesTestExecutionListener, org.springframework.test.context.event.ApplicationEventsTestExecutionListener, org.springframework.test.context.support.DependencyInjectionTestExecutionListener, org.springframework.test.context.support.DirtiesContextTestExecutionListener, org.springframework.test.context.transaction.TransactionalTestExecutionListener, org.springframework.test.context.jdbc.SqlScriptsTestExecutionListener, org.springframework.test.context.event.EventPublishingTestExecutionListener]
2023-01-27 12:51:31.896  === [main] === INFO  === o.s.b.t.context.SpringBootTestContextBootstrapper ===  Using TestExecutionListeners: [org.springframework.test.context.web.ServletTestExecutionListener@15a8b228, org.springframework.test.context.support.DirtiesContextBeforeModesTestExecutionListener@5a69f1ef, org.springframework.test.context.event.ApplicationEventsTestExecutionListener@54fd5f6, org.springframework.boot.test.mock.mockito.MockitoTestExecutionListener@219aab91, org.springframework.boot.test.autoconfigure.SpringBootDependencyInjectionTestExecutionListener@71737478, org.springframework.test.context.support.DirtiesContextTestExecutionListener@64001530, org.springframework.test.context.event.EventPublishingTestExecutionListener@1f9b8c23, org.springframework.boot.test.mock.mockito.ResetMocksTestExecutionListener@6b297a62, org.springframework.boot.test.autoconfigure.restdocs.RestDocsTestExecutionListener@11303cb, org.springframework.boot.test.autoconfigure.web.client.MockRestServiceServerResetTestExecutionListener@655e3f4c, org.springframework.boot.test.autoconfigure.web.servlet.MockMvcPrintOnlyOnFailureTestExecutionListener@26e74d50, org.springframework.boot.test.autoconfigure.web.servlet.WebDriverTestExecutionListener@6bdc984, org.springframework.boot.test.autoconfigure.webservices.client.MockWebServiceServerTestExecutionListener@1f299fc3]
2023-01-27 12:51:31.905  === [main] === INFO  === PersonController ===  City Culver is quiered to get all emails.
2023-01-27 12:51:31.916  === [main] === INFO  === PersonController ===  Person{firstName='Khaoula', lastName='Hilali', address='22 rue pasteur', city='Paris', zip='75000', phone='234-879-0765', email='khilali@email.com'} is created !
2023-01-27 12:51:31.931  === [main] === INFO  === PersonController ===  Person John Boyd is deleted !
2023-01-27 12:51:31.939  === [main] === INFO  === PersonController ===  Person Khaoula Hilali is deleted !
2023-01-27 12:51:31.949  === [main] === INFO  === PersonController ===  Person{firstName='John', lastName='Boyd', address='1509 Culver Street', city='Culver', zip='97451', phone='841-874-6512', email='jaboyd@email.com'} is updated !
2023-01-27 12:51:31.956  === [main] === ERROR === PersonController ===  Failed to update :Person{firstName='Khaoula', lastName='Hilali', address='1509 Culver Street', city='Culver', zip='97451', phone='841-874-6512', email='jaboyd@email.com'}
2023-01-27 12:51:31.965  === [main] === INFO  === PersonController ===  John Boydinformation
2023-01-27 12:51:31.976  === [main] === INFO  === PersonController ===  Person{firstName='John', lastName='Boyd', address='1509 Culver St', city='Culver', zip='97451', phone='841-874-6512', email='jaboyd@email.com'} is created !
2023-01-27 12:51:31.984  === [main] === ERROR === PersonController ===  Person not found
2023-01-27 12:51:31.990  === [main] === INFO  === o.s.b.t.context.SpringBootTestContextBootstrapper ===  Neither @ContextConfiguration nor @ContextHierarchy found for test class [com.safetynetalerts.SafetynetAlerts.SafetynetAlertsApplicationTests], using SpringBootContextLoader
2023-01-27 12:51:31.990  === [main] === INFO  === o.s.test.context.support.AbstractContextLoader ===  Could not detect default resource locations for test class [com.safetynetalerts.SafetynetAlerts.SafetynetAlertsApplicationTests]: no resource found for suffixes {-context.xml, Context.groovy}.
2023-01-27 12:51:31.990  === [main] === INFO  === o.s.t.c.support.AnnotationConfigContextLoaderUtils ===  Could not detect default configuration classes for test class [com.safetynetalerts.SafetynetAlerts.SafetynetAlertsApplicationTests]: SafetynetAlertsApplicationTests does not declare any static, non-private, non-final, nested classes annotated with @Configuration.
2023-01-27 12:51:31.997  === [main] === INFO  === o.s.b.t.context.SpringBootTestContextBootstrapper ===  Found @SpringBootConfiguration com.safetynetalerts.SafetynetAlerts.SafetynetAlertsApplication for test class com.safetynetalerts.SafetynetAlerts.SafetynetAlertsApplicationTests
2023-01-27 12:51:31.999  === [main] === INFO  === o.s.b.t.context.SpringBootTestContextBootstrapper ===  Loaded default TestExecutionListener class names from location [META-INF/spring.factories]: [org.springframework.boot.test.mock.mockito.MockitoTestExecutionListener, org.springframework.boot.test.mock.mockito.ResetMocksTestExecutionListener, org.springframework.boot.test.autoconfigure.restdocs.RestDocsTestExecutionListener, org.springframework.boot.test.autoconfigure.web.client.MockRestServiceServerResetTestExecutionListener, org.springframework.boot.test.autoconfigure.web.servlet.MockMvcPrintOnlyOnFailureTestExecutionListener, org.springframework.boot.test.autoconfigure.web.servlet.WebDriverTestExecutionListener, org.springframework.boot.test.autoconfigure.webservices.client.MockWebServiceServerTestExecutionListener, org.springframework.test.context.web.ServletTestExecutionListener, org.springframework.test.context.support.DirtiesContextBeforeModesTestExecutionListener, org.springframework.test.context.event.ApplicationEventsTestExecutionListener, org.springframework.test.context.support.DependencyInjectionTestExecutionListener, org.springframework.test.context.support.DirtiesContextTestExecutionListener, org.springframework.test.context.transaction.TransactionalTestExecutionListener, org.springframework.test.context.jdbc.SqlScriptsTestExecutionListener, org.springframework.test.context.event.EventPublishingTestExecutionListener]
2023-01-27 12:51:32.001  === [main] === INFO  === o.s.b.t.context.SpringBootTestContextBootstrapper ===  Using TestExecutionListeners: [org.springframework.test.context.web.ServletTestExecutionListener@4f517209, org.springframework.test.context.support.DirtiesContextBeforeModesTestExecutionListener@60877629, org.springframework.test.context.event.ApplicationEventsTestExecutionListener@7e86ff3b, org.springframework.boot.test.mock.mockito.MockitoTestExecutionListener@4936dca9, org.springframework.boot.test.autoconfigure.SpringBootDependencyInjectionTestExecutionListener@d332ebc, org.springframework.test.context.support.DirtiesContextTestExecutionListener@56de370d, org.springframework.test.context.event.EventPublishingTestExecutionListener@1f6865ca, org.springframework.boot.test.mock.mockito.ResetMocksTestExecutionListener@6044311a, org.springframework.boot.test.autoconfigure.restdocs.RestDocsTestExecutionListener@7416b560, org.springframework.boot.test.autoconfigure.web.client.MockRestServiceServerResetTestExecutionListener@53d782b0, org.springframework.boot.test.autoconfigure.web.servlet.MockMvcPrintOnlyOnFailureTestExecutionListener@f4deb35, org.springframework.boot.test.autoconfigure.web.servlet.WebDriverTestExecutionListener@4ec0c727, org.springframework.boot.test.autoconfigure.webservices.client.MockWebServiceServerTestExecutionListener@fbcc62a]
2023-01-27 12:51:32.027  === [main] === INFO  === c.s.S.SafetynetAlertsApplicationTests ===  Starting SafetynetAlertsApplicationTests using Java 18.0.2.1 on LAPTOP-C8U76SD3 with PID 21180 (started by hilal in D:\OPC\Formation_Java\P5\SafetynetAlerts\SafetynetAlerts)
2023-01-27 12:51:32.028  === [main] === INFO  === c.s.S.SafetynetAlertsApplicationTests ===  No active profile set, falling back to 1 default profile: "default"
2023-01-27 12:51:32.419  === [main] === INFO  === c.s.S.SafetynetAlertsApplicationTests ===  Started SafetynetAlertsApplicationTests in 0.416 seconds (JVM running for 5.198)
2023-01-27 12:51:43.568  === [main] === INFO  === c.s.S.controller.FireStationControllerTest ===  Starting FireStationControllerTest using Java 18.0.2.1 on LAPTOP-C8U76SD3 with PID 10232 (started by hilal in D:\OPC\Formation_Java\P5\SafetynetAlerts\SafetynetAlerts)
2023-01-27 12:51:43.569  === [main] === INFO  === c.s.S.controller.FireStationControllerTest ===  No active profile set, falling back to 1 default profile: "default"
2023-01-27 12:51:45.200  === [main] === INFO  === o.s.b.test.mock.web.SpringBootMockServletContext ===  Initializing Spring TestDispatcherServlet ''
2023-01-27 12:51:45.200  === [main] === INFO  === o.s.test.web.servlet.TestDispatcherServlet ===  Initializing Servlet ''
2023-01-27 12:51:45.202  === [main] === INFO  === o.s.test.web.servlet.TestDispatcherServlet ===  Completed initialization in 2 ms
2023-01-27 12:51:45.225  === [main] === INFO  === c.s.S.controller.FireStationControllerTest ===  Started FireStationControllerTest in 2.017 seconds (JVM running for 3.466)
2023-01-27 12:51:45.867  === [main] === INFO  === FireStationController ===  FireStation{address='1509 Culver St', stationNumber='2'} is updated !
2023-01-27 12:51:45.905  === [main] === INFO  === FireStationController ===  Station address1509 Culver Stis queried to get stations.
2023-01-27 12:51:46.028  === [main] === INFO  === FireStationController ===  FireStation{address='1509 Culver St', stationNumber='3'} is created !
2023-01-27 12:51:46.042  === [main] === ERROR === FireStationController ===  Failed to update :FireStation{address='22 rue pasteur', stationNumber='5'}
2023-01-27 12:51:46.067  === [main] === INFO  === FireStationController ===  Fire Station19is queried to get phones.
2023-01-27 12:51:46.075  === [main] === INFO  === FireStationController ===  Station address22 rue pasteuris queried to get stations.
2023-01-27 12:51:46.086  === [main] === INFO  === FireStationController ===  FireStation 22 rue pasteur is deleted !
2023-01-27 12:51:46.098  === [main] === INFO  === FireStationController ===  Station number10is queried to get persons.
2023-01-27 12:51:46.117  === [main] === INFO  === FireStationController ===  Fire Station1is queried to get phones.
2023-01-27 12:51:46.127  === [main] === INFO  === FireStationController ===  Stations [2, 3] is queried to get persons.
2023-01-27 12:51:46.146  === [main] === INFO  === FireStationController ===  FireStation 1509 Culver St is deleted !
2023-01-27 12:51:46.153  === [main] === INFO  === FireStationController ===  FireStation{address='22 rue pasteur', stationNumber='5'} is created !
2023-01-27 12:51:46.162  === [main] === INFO  === FireStationController ===  Stations [10, 20] is queried to get persons.
2023-01-27 12:51:46.170  === [main] === INFO  === FireStationController ===  Station number2is queried to get persons.
2023-01-27 12:51:46.186  === [main] === INFO  === o.s.b.t.context.SpringBootTestContextBootstrapper ===  Neither @ContextConfiguration nor @ContextHierarchy found for test class [com.safetynetalerts.SafetynetAlerts.controller.MedicalRecordControllerTest], using SpringBootContextLoader
2023-01-27 12:51:46.187  === [main] === INFO  === o.s.test.context.support.AbstractContextLoader ===  Could not detect default resource locations for test class [com.safetynetalerts.SafetynetAlerts.controller.MedicalRecordControllerTest]: no resource found for suffixes {-context.xml, Context.groovy}.
2023-01-27 12:51:46.187  === [main] === INFO  === o.s.t.c.support.AnnotationConfigContextLoaderUtils ===  Could not detect default configuration classes for test class [com.safetynetalerts.SafetynetAlerts.controller.MedicalRecordControllerTest]: MedicalRecordControllerTest does not declare any static, non-private, non-final, nested classes annotated with @Configuration.
2023-01-27 12:51:46.192  === [main] === INFO  === o.s.b.t.context.SpringBootTestContextBootstrapper ===  Found @SpringBootConfiguration com.safetynetalerts.SafetynetAlerts.SafetynetAlertsApplication for test class com.safetynetalerts.SafetynetAlerts.controller.MedicalRecordControllerTest
2023-01-27 12:51:46.194  === [main] === INFO  === o.s.b.t.context.SpringBootTestContextBootstrapper ===  Loaded default TestExecutionListener class names from location [META-INF/spring.factories]: [org.springframework.boot.test.mock.mockito.MockitoTestExecutionListener, org.springframework.boot.test.mock.mockito.ResetMocksTestExecutionListener, org.springframework.boot.test.autoconfigure.restdocs.RestDocsTestExecutionListener, org.springframework.boot.test.autoconfigure.web.client.MockRestServiceServerResetTestExecutionListener, org.springframework.boot.test.autoconfigure.web.servlet.MockMvcPrintOnlyOnFailureTestExecutionListener, org.springframework.boot.test.autoconfigure.web.servlet.WebDriverTestExecutionListener, org.springframework.boot.test.autoconfigure.webservices.client.MockWebServiceServerTestExecutionListener, org.springframework.test.context.web.ServletTestExecutionListener, org.springframework.test.context.support.DirtiesContextBeforeModesTestExecutionListener, org.springframework.test.context.event.ApplicationEventsTestExecutionListener, org.springframework.test.context.support.DependencyInjectionTestExecutionListener, org.springframework.test.context.support.DirtiesContextTestExecutionListener, org.springframework.test.context.transaction.TransactionalTestExecutionListener, org.springframework.test.context.jdbc.SqlScriptsTestExecutionListener, org.springframework.test.context.event.EventPublishingTestExecutionListener]
2023-01-27 12:51:46.195  === [main] === INFO  === o.s.b.t.context.SpringBootTestContextBootstrapper ===  Using TestExecutionListeners: [org.springframework.test.context.web.ServletTestExecutionListener@6f6c4462, org.springframework.test.context.support.DirtiesContextBeforeModesTestExecutionListener@f3458af, org.springframework.test.context.event.ApplicationEventsTestExecutionListener@20ac726c, org.springframework.boot.test.mock.mockito.MockitoTestExecutionListener@75c2a35, org.springframework.boot.test.autoconfigure.SpringBootDependencyInjectionTestExecutionListener@a9e31e8, org.springframework.test.context.support.DirtiesContextTestExecutionListener@27c2f134, org.springframework.test.context.event.EventPublishingTestExecutionListener@64bed8b2, org.springframework.boot.test.mock.mockito.ResetMocksTestExecutionListener@2555b92, org.springframework.boot.test.autoconfigure.restdocs.RestDocsTestExecutionListener@793f2b41, org.springframework.boot.test.autoconfigure.web.client.MockRestServiceServerResetTestExecutionListener@49442e03, org.springframework.boot.test.autoconfigure.web.servlet.MockMvcPrintOnlyOnFailureTestExecutionListener@5bad04d1, org.springframework.boot.test.autoconfigure.web.servlet.WebDriverTestExecutionListener@730c4dfd, org.springframework.boot.test.autoconfigure.webservices.client.MockWebServiceServerTestExecutionListener@736905fe]
2023-01-27 12:51:46.205  === [main] === INFO  === MedicalRecordController ===  Children living in the29 15th St
2023-01-27 12:51:46.258  === [main] === ERROR === MedicalRecordController ===  Failed to update MedicalRecord{firstName='Khaoula', lastName='Hilali', birthdate='12/03/1986', medications=[aznol:350mg,hydrapermazol:100mg], allergies=[nillacilan]}
2023-01-27 12:51:46.271  === [main] === INFO  === MedicalRecordController ===  Medical Record Khaoula Hilaliis deleted
2023-01-27 12:51:46.287  === [main] === INFO  === MedicalRecordController ===  MedicalRecord{firstName='Khaoula', lastName='Hilali', birthdate='12/03/1978', medications=[amoxicilline:100mg], allergies=[]}is created
2023-01-27 12:51:46.298  === [main] === INFO  === MedicalRecordController ===  Children living in the1509 Culver St
2023-01-27 12:51:46.320  === [main] === INFO  === MedicalRecordController ===  MedicalRecord{firstName='John', lastName='Boyd', birthdate='03/06/1984', medications=[aznol:350mg,hydrapermazol:100mg], allergies=[nillacilan]}is created
2023-01-27 12:51:46.334  === [main] === INFO  === MedicalRecordController ===  MedicalRecord{firstName='John', lastName='Boyd', birthdate='12/03/1978', medications=[amoxicilline:100mg], allergies=[]}is updated
2023-01-27 12:51:46.343  === [main] === INFO  === MedicalRecordController ===  Medical Record John Boydis deleted
2023-01-27 12:51:46.356  === [main] === INFO  === MedicalRecordController ===  Children living in the1509 Culver
2023-01-27 12:51:46.363  === [main] === WARN  === o.s.w.s.m.support.DefaultHandlerExceptionResolver ===  Resolved [org.springframework.http.converter.HttpMessageNotWritableException: Could not write JSON: Cannot invoke "java.util.Collection.toArray()" because "c" is null; nested exception is com.fasterxml.jackson.databind.JsonMappingException: Cannot invoke "java.util.Collection.toArray()" because "c" is null (through reference chain: com.safetynetalerts.SafetynetAlerts.model.DTO.ChildAlertDto["children"])]
2023-01-27 12:51:46.373  === [main] === INFO  === o.s.b.t.context.SpringBootTestContextBootstrapper ===  Neither @ContextConfiguration nor @ContextHierarchy found for test class [com.safetynetalerts.SafetynetAlerts.controller.PersonControllerTest], using SpringBootContextLoader
2023-01-27 12:51:46.374  === [main] === INFO  === o.s.test.context.support.AbstractContextLoader ===  Could not detect default resource locations for test class [com.safetynetalerts.SafetynetAlerts.controller.PersonControllerTest]: no resource found for suffixes {-context.xml, Context.groovy}.
2023-01-27 12:51:46.374  === [main] === INFO  === o.s.t.c.support.AnnotationConfigContextLoaderUtils ===  Could not detect default configuration classes for test class [com.safetynetalerts.SafetynetAlerts.controller.PersonControllerTest]: PersonControllerTest does not declare any static, non-private, non-final, nested classes annotated with @Configuration.
2023-01-27 12:51:46.378  === [main] === INFO  === o.s.b.t.context.SpringBootTestContextBootstrapper ===  Found @SpringBootConfiguration com.safetynetalerts.SafetynetAlerts.SafetynetAlertsApplication for test class com.safetynetalerts.SafetynetAlerts.controller.PersonControllerTest
2023-01-27 12:51:46.380  === [main] === INFO  === o.s.b.t.context.SpringBootTestContextBootstrapper ===  Loaded default TestExecutionListener class names from location [META-INF/spring.factories]: [org.springframework.boot.test.mock.mockito.MockitoTestExecutionListener, org.springframework.boot.test.mock.mockito.ResetMocksTestExecutionListener, org.springframework.boot.test.autoconfigure.restdocs.RestDocsTestExecutionListener, org.springframework.boot.test.autoconfigure.web.client.MockRestServiceServerResetTestExecutionListener, org.springframework.boot.test.autoconfigure.web.servlet.MockMvcPrintOnlyOnFailureTestExecutionListener, org.springframework.boot.test.autoconfigure.web.servlet.WebDriverTestExecutionListener, org.springframework.boot.test.autoconfigure.webservices.client.MockWebServiceServerTestExecutionListener, org.springframework.test.context.web.ServletTestExecutionListener, org.springframework.test.context.support.DirtiesContextBeforeModesTestExecutionListener, org.springframework.test.context.event.ApplicationEventsTestExecutionListener, org.springframework.test.context.support.DependencyInjectionTestExecutionListener, org.springframework.test.context.support.DirtiesContextTestExecutionListener, org.springframework.test.context.transaction.TransactionalTestExecutionListener, org.springframework.test.context.jdbc.SqlScriptsTestExecutionListener, org.springframework.test.context.event.EventPublishingTestExecutionListener]
2023-01-27 12:51:46.382  === [main] === INFO  === o.s.b.t.context.SpringBootTestContextBootstrapper ===  Using TestExecutionListeners: [org.springframework.test.context.web.ServletTestExecutionListener@5f04449a, org.springframework.test.context.support.DirtiesContextBeforeModesTestExecutionListener@5634c26c, org.springframework.test.context.event.ApplicationEventsTestExecutionListener@37a5ac85, org.springframework.boot.test.mock.mockito.MockitoTestExecutionListener@5d4f0fd5, org.springframework.boot.test.autoconfigure.SpringBootDependencyInjectionTestExecutionListener@2092b072, org.springframework.test.context.support.DirtiesContextTestExecutionListener@504521ae, org.springframework.test.context.event.EventPublishingTestExecutionListener@4a9e6ea7, org.springframework.boot.test.mock.mockito.ResetMocksTestExecutionListener@6f8af186, org.springframework.boot.test.autoconfigure.restdocs.RestDocsTestExecutionListener@5aaecd25, org.springframework.boot.test.autoconfigure.web.client.MockRestServiceServerResetTestExecutionListener@239fdf8f, org.springframework.boot.test.autoconfigure.web.servlet.MockMvcPrintOnlyOnFailureTestExecutionListener@1acd660d, org.springframework.boot.test.autoconfigure.web.servlet.WebDriverTestExecutionListener@22f3b213, org.springframework.boot.test.autoconfigure.webservices.client.MockWebServiceServerTestExecutionListener@e18848d]
2023-01-27 12:51:46.390  === [main] === INFO  === PersonController ===  City Culver is quiered to get all emails.
2023-01-27 12:51:46.403  === [main] === INFO  === PersonController ===  Person{firstName='Khaoula', lastName='Hilali', address='22 rue pasteur', city='Paris', zip='75000', phone='234-879-0765', email='khilali@email.com'} is created !
2023-01-27 12:51:46.420  === [main] === INFO  === PersonController ===  Person John Boyd is deleted !
2023-01-27 12:51:46.432  === [main] === INFO  === PersonController ===  Person Khaoula Hilali is deleted !
2023-01-27 12:51:46.444  === [main] === INFO  === PersonController ===  Person{firstName='John', lastName='Boyd', address='1509 Culver Street', city='Culver', zip='97451', phone='841-874-6512', email='jaboyd@email.com'} is updated !
2023-01-27 12:51:46.454  === [main] === ERROR === PersonController ===  Failed to update :Person{firstName='Khaoula', lastName='Hilali', address='1509 Culver Street', city='Culver', zip='97451', phone='841-874-6512', email='jaboyd@email.com'}
2023-01-27 12:51:46.465  === [main] === INFO  === PersonController ===  John Boydinformation
2023-01-27 12:51:46.477  === [main] === INFO  === PersonController ===  Person{firstName='John', lastName='Boyd', address='1509 Culver St', city='Culver', zip='97451', phone='841-874-6512', email='jaboyd@email.com'} is created !
2023-01-27 12:51:46.483  === [main] === ERROR === PersonController ===  Person not found
2023-01-27 12:51:46.489  === [main] === INFO  === o.s.b.t.context.SpringBootTestContextBootstrapper ===  Neither @ContextConfiguration nor @ContextHierarchy found for test class [com.safetynetalerts.SafetynetAlerts.SafetynetAlertsApplicationTests], using SpringBootContextLoader
2023-01-27 12:51:46.490  === [main] === INFO  === o.s.test.context.support.AbstractContextLoader ===  Could not detect default resource locations for test class [com.safetynetalerts.SafetynetAlerts.SafetynetAlertsApplicationTests]: no resource found for suffixes {-context.xml, Context.groovy}.
2023-01-27 12:51:46.490  === [main] === INFO  === o.s.t.c.support.AnnotationConfigContextLoaderUtils ===  Could not detect default configuration classes for test class [com.safetynetalerts.SafetynetAlerts.SafetynetAlertsApplicationTests]: SafetynetAlertsApplicationTests does not declare any static, non-private, non-final, nested classes annotated with @Configuration.
2023-01-27 12:51:46.493  === [main] === INFO  === o.s.b.t.context.SpringBootTestContextBootstrapper ===  Found @SpringBootConfiguration com.safetynetalerts.SafetynetAlerts.SafetynetAlertsApplication for test class com.safetynetalerts.SafetynetAlerts.SafetynetAlertsApplicationTests
2023-01-27 12:51:46.496  === [main] === INFO  === o.s.b.t.context.SpringBootTestContextBootstrapper ===  Loaded default TestExecutionListener class names from location [META-INF/spring.factories]: [org.springframework.boot.test.mock.mockito.MockitoTestExecutionListener, org.springframework.boot.test.mock.mockito.ResetMocksTestExecutionListener, org.springframework.boot.test.autoconfigure.restdocs.RestDocsTestExecutionListener, org.springframework.boot.test.autoconfigure.web.client.MockRestServiceServerResetTestExecutionListener, org.springframework.boot.test.autoconfigure.web.servlet.MockMvcPrintOnlyOnFailureTestExecutionListener, org.springframework.boot.test.autoconfigure.web.servlet.WebDriverTestExecutionListener, org.springframework.boot.test.autoconfigure.webservices.client.MockWebServiceServerTestExecutionListener, org.springframework.test.context.web.ServletTestExecutionListener, org.springframework.test.context.support.DirtiesContextBeforeModesTestExecutionListener, org.springframework.test.context.event.ApplicationEventsTestExecutionListener, org.springframework.test.context.support.DependencyInjectionTestExecutionListener, org.springframework.test.context.support.DirtiesContextTestExecutionListener, org.springframework.test.context.transaction.TransactionalTestExecutionListener, org.springframework.test.context.jdbc.SqlScriptsTestExecutionListener, org.springframework.test.context.event.EventPublishingTestExecutionListener]
2023-01-27 12:51:46.497  === [main] === INFO  === o.s.b.t.context.SpringBootTestContextBootstrapper ===  Using TestExecutionListeners: [org.springframework.test.context.web.ServletTestExecutionListener@583f6270, org.springframework.test.context.support.DirtiesContextBeforeModesTestExecutionListener@2bd24c09, org.springframework.test.context.event.ApplicationEventsTestExecutionListener@3e6b8b27, org.springframework.boot.test.mock.mockito.MockitoTestExecutionListener@7e199cec, org.springframework.boot.test.autoconfigure.SpringBootDependencyInjectionTestExecutionListener@5d965dbd, org.springframework.test.context.support.DirtiesContextTestExecutionListener@649df002, org.springframework.test.context.event.EventPublishingTestExecutionListener@6cd7d05, org.springframework.boot.test.mock.mockito.ResetMocksTestExecutionListener@34817fcc, org.springframework.boot.test.autoconfigure.restdocs.RestDocsTestExecutionListener@5b95a754, org.springframework.boot.test.autoconfigure.web.client.MockRestServiceServerResetTestExecutionListener@500341c4, org.springframework.boot.test.autoconfigure.web.servlet.MockMvcPrintOnlyOnFailureTestExecutionListener@3d4b3b94, org.springframework.boot.test.autoconfigure.web.servlet.WebDriverTestExecutionListener@28b5cee, org.springframework.boot.test.autoconfigure.webservices.client.MockWebServiceServerTestExecutionListener@7452e4ec]
2023-01-27 12:51:46.522  === [main] === INFO  === c.s.S.SafetynetAlertsApplicationTests ===  Starting SafetynetAlertsApplicationTests using Java 18.0.2.1 on LAPTOP-C8U76SD3 with PID 10232 (started by hilal in D:\OPC\Formation_Java\P5\SafetynetAlerts\SafetynetAlerts)
2023-01-27 12:51:46.522  === [main] === INFO  === c.s.S.SafetynetAlertsApplicationTests ===  No active profile set, falling back to 1 default profile: "default"
2023-01-27 12:51:46.922  === [main] === INFO  === c.s.S.SafetynetAlertsApplicationTests ===  Started SafetynetAlertsApplicationTests in 0.422 seconds (JVM running for 5.162)
2023-01-27 12:56:19.614  === [main] === INFO  === c.s.S.controller.FireStationControllerTest ===  Starting FireStationControllerTest using Java 18.0.2.1 on LAPTOP-C8U76SD3 with PID 876 (started by hilal in D:\OPC\Formation_Java\P5\SafetynetAlerts\SafetynetAlerts)
2023-01-27 12:56:19.615  === [main] === INFO  === c.s.S.controller.FireStationControllerTest ===  No active profile set, falling back to 1 default profile: "default"
2023-01-27 12:56:21.298  === [main] === INFO  === o.s.b.test.mock.web.SpringBootMockServletContext ===  Initializing Spring TestDispatcherServlet ''
2023-01-27 12:56:21.298  === [main] === INFO  === o.s.test.web.servlet.TestDispatcherServlet ===  Initializing Servlet ''
2023-01-27 12:56:21.299  === [main] === INFO  === o.s.test.web.servlet.TestDispatcherServlet ===  Completed initialization in 1 ms
2023-01-27 12:56:21.320  === [main] === INFO  === c.s.S.controller.FireStationControllerTest ===  Started FireStationControllerTest in 2.079 seconds (JVM running for 3.595)
2023-01-27 12:56:21.970  === [main] === INFO  === FireStationController ===  FireStation{address='1509 Culver St', stationNumber='2'} is updated !
2023-01-27 12:56:22.013  === [main] === INFO  === FireStationController ===  Station address1509 Culver Stis queried to get stations.
2023-01-27 12:56:22.126  === [main] === INFO  === FireStationController ===  FireStation{address='1509 Culver St', stationNumber='3'} is created !
2023-01-27 12:56:22.136  === [main] === ERROR === FireStationController ===  Failed to update :FireStation{address='22 rue pasteur', stationNumber='5'}
2023-01-27 12:56:22.163  === [main] === INFO  === FireStationController ===  Fire Station19is queried to get phones.
2023-01-27 12:56:22.173  === [main] === INFO  === FireStationController ===  Station address22 rue pasteuris queried to get stations.
2023-01-27 12:56:22.180  === [main] === INFO  === FireStationController ===  FireStation 22 rue pasteur is deleted !
2023-01-27 12:56:22.189  === [main] === INFO  === FireStationController ===  Station number10is queried to get persons.
2023-01-27 12:56:22.206  === [main] === INFO  === FireStationController ===  Fire Station1is queried to get phones.
2023-01-27 12:56:22.218  === [main] === INFO  === FireStationController ===  Stations [2, 3] is queried to get persons.
2023-01-27 12:56:22.238  === [main] === INFO  === FireStationController ===  FireStation 1509 Culver St is deleted !
2023-01-27 12:56:22.250  === [main] === INFO  === FireStationController ===  FireStation{address='22 rue pasteur', stationNumber='5'} is created !
2023-01-27 12:56:22.259  === [main] === INFO  === FireStationController ===  Stations [10, 20] is queried to get persons.
2023-01-27 12:56:22.267  === [main] === INFO  === FireStationController ===  Station number2is queried to get persons.
2023-01-27 12:56:22.282  === [main] === INFO  === o.s.b.t.context.SpringBootTestContextBootstrapper ===  Neither @ContextConfiguration nor @ContextHierarchy found for test class [com.safetynetalerts.SafetynetAlerts.controller.MedicalRecordControllerTest], using SpringBootContextLoader
2023-01-27 12:56:22.283  === [main] === INFO  === o.s.test.context.support.AbstractContextLoader ===  Could not detect default resource locations for test class [com.safetynetalerts.SafetynetAlerts.controller.MedicalRecordControllerTest]: no resource found for suffixes {-context.xml, Context.groovy}.
2023-01-27 12:56:22.284  === [main] === INFO  === o.s.t.c.support.AnnotationConfigContextLoaderUtils ===  Could not detect default configuration classes for test class [com.safetynetalerts.SafetynetAlerts.controller.MedicalRecordControllerTest]: MedicalRecordControllerTest does not declare any static, non-private, non-final, nested classes annotated with @Configuration.
2023-01-27 12:56:22.288  === [main] === INFO  === o.s.b.t.context.SpringBootTestContextBootstrapper ===  Found @SpringBootConfiguration com.safetynetalerts.SafetynetAlerts.SafetynetAlertsApplication for test class com.safetynetalerts.SafetynetAlerts.controller.MedicalRecordControllerTest
2023-01-27 12:56:22.290  === [main] === INFO  === o.s.b.t.context.SpringBootTestContextBootstrapper ===  Loaded default TestExecutionListener class names from location [META-INF/spring.factories]: [org.springframework.boot.test.mock.mockito.MockitoTestExecutionListener, org.springframework.boot.test.mock.mockito.ResetMocksTestExecutionListener, org.springframework.boot.test.autoconfigure.restdocs.RestDocsTestExecutionListener, org.springframework.boot.test.autoconfigure.web.client.MockRestServiceServerResetTestExecutionListener, org.springframework.boot.test.autoconfigure.web.servlet.MockMvcPrintOnlyOnFailureTestExecutionListener, org.springframework.boot.test.autoconfigure.web.servlet.WebDriverTestExecutionListener, org.springframework.boot.test.autoconfigure.webservices.client.MockWebServiceServerTestExecutionListener, org.springframework.test.context.web.ServletTestExecutionListener, org.springframework.test.context.support.DirtiesContextBeforeModesTestExecutionListener, org.springframework.test.context.event.ApplicationEventsTestExecutionListener, org.springframework.test.context.support.DependencyInjectionTestExecutionListener, org.springframework.test.context.support.DirtiesContextTestExecutionListener, org.springframework.test.context.transaction.TransactionalTestExecutionListener, org.springframework.test.context.jdbc.SqlScriptsTestExecutionListener, org.springframework.test.context.event.EventPublishingTestExecutionListener]
2023-01-27 12:56:22.290  === [main] === INFO  === o.s.b.t.context.SpringBootTestContextBootstrapper ===  Using TestExecutionListeners: [org.springframework.test.context.web.ServletTestExecutionListener@8ff4795, org.springframework.test.context.support.DirtiesContextBeforeModesTestExecutionListener@19bdfa3e, org.springframework.test.context.event.ApplicationEventsTestExecutionListener@78e3bebd, org.springframework.boot.test.mock.mockito.MockitoTestExecutionListener@4f0b02a3, org.springframework.boot.test.autoconfigure.SpringBootDependencyInjectionTestExecutionListener@3d3a3738, org.springframework.test.context.support.DirtiesContextTestExecutionListener@4ba056ab, org.springframework.test.context.event.EventPublishingTestExecutionListener@2e530f34, org.springframework.boot.test.mock.mockito.ResetMocksTestExecutionListener@39da0e47, org.springframework.boot.test.autoconfigure.restdocs.RestDocsTestExecutionListener@55b56db3, org.springframework.boot.test.autoconfigure.web.client.MockRestServiceServerResetTestExecutionListener@1c697ca0, org.springframework.boot.test.autoconfigure.web.servlet.MockMvcPrintOnlyOnFailureTestExecutionListener@2af5eab6, org.springframework.boot.test.autoconfigure.web.servlet.WebDriverTestExecutionListener@43347199, org.springframework.boot.test.autoconfigure.webservices.client.MockWebServiceServerTestExecutionListener@3d1254b9]
2023-01-27 12:56:22.306  === [main] === INFO  === MedicalRecordController ===  Children living in the29 15th St
2023-01-27 12:56:22.361  === [main] === ERROR === MedicalRecordController ===  Failed to update MedicalRecord{firstName='Khaoula', lastName='Hilali', birthdate='12/03/1986', medications=[aznol:350mg,hydrapermazol:100mg], allergies=[nillacilan]}
2023-01-27 12:56:22.371  === [main] === INFO  === MedicalRecordController ===  Medical Record Khaoula Hilaliis deleted
2023-01-27 12:56:22.384  === [main] === INFO  === MedicalRecordController ===  MedicalRecord{firstName='Khaoula', lastName='Hilali', birthdate='12/03/1978', medications=[amoxicilline:100mg], allergies=[]}is created
2023-01-27 12:56:22.396  === [main] === INFO  === MedicalRecordController ===  Children living in the1509 Culver St
2023-01-27 12:56:22.416  === [main] === INFO  === MedicalRecordController ===  MedicalRecord{firstName='John', lastName='Boyd', birthdate='03/06/1984', medications=[aznol:350mg,hydrapermazol:100mg], allergies=[nillacilan]}is created
2023-01-27 12:56:22.424  === [main] === INFO  === MedicalRecordController ===  MedicalRecord{firstName='John', lastName='Boyd', birthdate='12/03/1978', medications=[amoxicilline:100mg], allergies=[]}is updated
2023-01-27 12:56:22.432  === [main] === INFO  === MedicalRecordController ===  Medical Record John Boydis deleted
2023-01-27 12:56:22.446  === [main] === INFO  === MedicalRecordController ===  Children living in the1509 Culver
2023-01-27 12:56:22.452  === [main] === WARN  === o.s.w.s.m.support.DefaultHandlerExceptionResolver ===  Resolved [org.springframework.http.converter.HttpMessageNotWritableException: Could not write JSON: Cannot invoke "java.util.Collection.toArray()" because "c" is null; nested exception is com.fasterxml.jackson.databind.JsonMappingException: Cannot invoke "java.util.Collection.toArray()" because "c" is null (through reference chain: com.safetynetalerts.SafetynetAlerts.model.DTO.ChildAlertDto["children"])]
2023-01-27 12:56:22.459  === [main] === INFO  === o.s.b.t.context.SpringBootTestContextBootstrapper ===  Neither @ContextConfiguration nor @ContextHierarchy found for test class [com.safetynetalerts.SafetynetAlerts.controller.PersonControllerTest], using SpringBootContextLoader
2023-01-27 12:56:22.461  === [main] === INFO  === o.s.test.context.support.AbstractContextLoader ===  Could not detect default resource locations for test class [com.safetynetalerts.SafetynetAlerts.controller.PersonControllerTest]: no resource found for suffixes {-context.xml, Context.groovy}.
2023-01-27 12:56:22.462  === [main] === INFO  === o.s.t.c.support.AnnotationConfigContextLoaderUtils ===  Could not detect default configuration classes for test class [com.safetynetalerts.SafetynetAlerts.controller.PersonControllerTest]: PersonControllerTest does not declare any static, non-private, non-final, nested classes annotated with @Configuration.
2023-01-27 12:56:22.466  === [main] === INFO  === o.s.b.t.context.SpringBootTestContextBootstrapper ===  Found @SpringBootConfiguration com.safetynetalerts.SafetynetAlerts.SafetynetAlertsApplication for test class com.safetynetalerts.SafetynetAlerts.controller.PersonControllerTest
2023-01-27 12:56:22.468  === [main] === INFO  === o.s.b.t.context.SpringBootTestContextBootstrapper ===  Loaded default TestExecutionListener class names from location [META-INF/spring.factories]: [org.springframework.boot.test.mock.mockito.MockitoTestExecutionListener, org.springframework.boot.test.mock.mockito.ResetMocksTestExecutionListener, org.springframework.boot.test.autoconfigure.restdocs.RestDocsTestExecutionListener, org.springframework.boot.test.autoconfigure.web.client.MockRestServiceServerResetTestExecutionListener, org.springframework.boot.test.autoconfigure.web.servlet.MockMvcPrintOnlyOnFailureTestExecutionListener, org.springframework.boot.test.autoconfigure.web.servlet.WebDriverTestExecutionListener, org.springframework.boot.test.autoconfigure.webservices.client.MockWebServiceServerTestExecutionListener, org.springframework.test.context.web.ServletTestExecutionListener, org.springframework.test.context.support.DirtiesContextBeforeModesTestExecutionListener, org.springframework.test.context.event.ApplicationEventsTestExecutionListener, org.springframework.test.context.support.DependencyInjectionTestExecutionListener, org.springframework.test.context.support.DirtiesContextTestExecutionListener, org.springframework.test.context.transaction.TransactionalTestExecutionListener, org.springframework.test.context.jdbc.SqlScriptsTestExecutionListener, org.springframework.test.context.event.EventPublishingTestExecutionListener]
2023-01-27 12:56:22.469  === [main] === INFO  === o.s.b.t.context.SpringBootTestContextBootstrapper ===  Using TestExecutionListeners: [org.springframework.test.context.web.ServletTestExecutionListener@11303cb, org.springframework.test.context.support.DirtiesContextBeforeModesTestExecutionListener@655e3f4c, org.springframework.test.context.event.ApplicationEventsTestExecutionListener@26e74d50, org.springframework.boot.test.mock.mockito.MockitoTestExecutionListener@6bdc984, org.springframework.boot.test.autoconfigure.SpringBootDependencyInjectionTestExecutionListener@1f299fc3, org.springframework.test.context.support.DirtiesContextTestExecutionListener@b997735, org.springframework.test.context.event.EventPublishingTestExecutionListener@178826db, org.springframework.boot.test.mock.mockito.ResetMocksTestExecutionListener@7f913c47, org.springframework.boot.test.autoconfigure.restdocs.RestDocsTestExecutionListener@2c9573f1, org.springframework.boot.test.autoconfigure.web.client.MockRestServiceServerResetTestExecutionListener@6cf58989, org.springframework.boot.test.autoconfigure.web.servlet.MockMvcPrintOnlyOnFailureTestExecutionListener@3a1dc432, org.springframework.boot.test.autoconfigure.web.servlet.WebDriverTestExecutionListener@4c18b432, org.springframework.boot.test.autoconfigure.webservices.client.MockWebServiceServerTestExecutionListener@4b954cbb]
2023-01-27 12:56:22.479  === [main] === INFO  === PersonController ===  City Culver is quiered to get all emails.
2023-01-27 12:56:22.492  === [main] === INFO  === PersonController ===  Person{firstName='Khaoula', lastName='Hilali', address='22 rue pasteur', city='Paris', zip='75000', phone='234-879-0765', email='khilali@email.com'} is created !
2023-01-27 12:56:22.508  === [main] === INFO  === PersonController ===  Person John Boyd is deleted !
2023-01-27 12:56:22.517  === [main] === INFO  === PersonController ===  Person Khaoula Hilali is deleted !
2023-01-27 12:56:22.527  === [main] === INFO  === PersonController ===  Person{firstName='John', lastName='Boyd', address='1509 Culver Street', city='Culver', zip='97451', phone='841-874-6512', email='jaboyd@email.com'} is updated !
2023-01-27 12:56:22.538  === [main] === ERROR === PersonController ===  Failed to update :Person{firstName='Khaoula', lastName='Hilali', address='1509 Culver Street', city='Culver', zip='97451', phone='841-874-6512', email='jaboyd@email.com'}
2023-01-27 12:56:22.549  === [main] === INFO  === PersonController ===  John Boydinformation
2023-01-27 12:56:22.559  === [main] === INFO  === PersonController ===  Person{firstName='John', lastName='Boyd', address='1509 Culver St', city='Culver', zip='97451', phone='841-874-6512', email='jaboyd@email.com'} is created !
2023-01-27 12:56:22.567  === [main] === ERROR === PersonController ===  Person not found
2023-01-27 12:56:22.573  === [main] === INFO  === o.s.b.t.context.SpringBootTestContextBootstrapper ===  Neither @ContextConfiguration nor @ContextHierarchy found for test class [com.safetynetalerts.SafetynetAlerts.SafetynetAlertsApplicationTests], using SpringBootContextLoader
2023-01-27 12:56:22.573  === [main] === INFO  === o.s.test.context.support.AbstractContextLoader ===  Could not detect default resource locations for test class [com.safetynetalerts.SafetynetAlerts.SafetynetAlertsApplicationTests]: no resource found for suffixes {-context.xml, Context.groovy}.
2023-01-27 12:56:22.573  === [main] === INFO  === o.s.t.c.support.AnnotationConfigContextLoaderUtils ===  Could not detect default configuration classes for test class [com.safetynetalerts.SafetynetAlerts.SafetynetAlertsApplicationTests]: SafetynetAlertsApplicationTests does not declare any static, non-private, non-final, nested classes annotated with @Configuration.
2023-01-27 12:56:22.579  === [main] === INFO  === o.s.b.t.context.SpringBootTestContextBootstrapper ===  Found @SpringBootConfiguration com.safetynetalerts.SafetynetAlerts.SafetynetAlertsApplication for test class com.safetynetalerts.SafetynetAlerts.SafetynetAlertsApplicationTests
2023-01-27 12:56:22.581  === [main] === INFO  === o.s.b.t.context.SpringBootTestContextBootstrapper ===  Loaded default TestExecutionListener class names from location [META-INF/spring.factories]: [org.springframework.boot.test.mock.mockito.MockitoTestExecutionListener, org.springframework.boot.test.mock.mockito.ResetMocksTestExecutionListener, org.springframework.boot.test.autoconfigure.restdocs.RestDocsTestExecutionListener, org.springframework.boot.test.autoconfigure.web.client.MockRestServiceServerResetTestExecutionListener, org.springframework.boot.test.autoconfigure.web.servlet.MockMvcPrintOnlyOnFailureTestExecutionListener, org.springframework.boot.test.autoconfigure.web.servlet.WebDriverTestExecutionListener, org.springframework.boot.test.autoconfigure.webservices.client.MockWebServiceServerTestExecutionListener, org.springframework.test.context.web.ServletTestExecutionListener, org.springframework.test.context.support.DirtiesContextBeforeModesTestExecutionListener, org.springframework.test.context.event.ApplicationEventsTestExecutionListener, org.springframework.test.context.support.DependencyInjectionTestExecutionListener, org.springframework.test.context.support.DirtiesContextTestExecutionListener, org.springframework.test.context.transaction.TransactionalTestExecutionListener, org.springframework.test.context.jdbc.SqlScriptsTestExecutionListener, org.springframework.test.context.event.EventPublishingTestExecutionListener]
2023-01-27 12:56:22.582  === [main] === INFO  === o.s.b.t.context.SpringBootTestContextBootstrapper ===  Using TestExecutionListeners: [org.springframework.test.context.web.ServletTestExecutionListener@7416b560, org.springframework.test.context.support.DirtiesContextBeforeModesTestExecutionListener@53d782b0, org.springframework.test.context.event.ApplicationEventsTestExecutionListener@f4deb35, org.springframework.boot.test.mock.mockito.MockitoTestExecutionListener@4ec0c727, org.springframework.boot.test.autoconfigure.SpringBootDependencyInjectionTestExecutionListener@fbcc62a, org.springframework.test.context.support.DirtiesContextTestExecutionListener@6011176f, org.springframework.test.context.event.EventPublishingTestExecutionListener@655c1b, org.springframework.boot.test.mock.mockito.ResetMocksTestExecutionListener@48d44acf, org.springframework.boot.test.autoconfigure.restdocs.RestDocsTestExecutionListener@21304869, org.springframework.boot.test.autoconfigure.web.client.MockRestServiceServerResetTestExecutionListener@49f2994f, org.springframework.boot.test.autoconfigure.web.servlet.MockMvcPrintOnlyOnFailureTestExecutionListener@63dd81ee, org.springframework.boot.test.autoconfigure.web.servlet.WebDriverTestExecutionListener@9353d68, org.springframework.boot.test.autoconfigure.webservices.client.MockWebServiceServerTestExecutionListener@2a654f27]
2023-01-27 12:56:22.607  === [main] === INFO  === c.s.S.SafetynetAlertsApplicationTests ===  Starting SafetynetAlertsApplicationTests using Java 18.0.2.1 on LAPTOP-C8U76SD3 with PID 876 (started by hilal in D:\OPC\Formation_Java\P5\SafetynetAlerts\SafetynetAlerts)
2023-01-27 12:56:22.607  === [main] === INFO  === c.s.S.SafetynetAlertsApplicationTests ===  No active profile set, falling back to 1 default profile: "default"
2023-01-27 12:56:23.044  === [main] === INFO  === c.s.S.SafetynetAlertsApplicationTests ===  Started SafetynetAlertsApplicationTests in 0.458 seconds (JVM running for 5.319)
